<?xml version="1.0" encoding="UTF-8"?>
<!-- Generated by org.testng.reporters.JUnitReportReporter -->
<testsuite skipped="0" hostname="DESKTOP-BBA5BS9" name="com.inetbanking.testCases.TC_AddCustomerTest_003" tests="1" failures="0" timestamp="16 Feb 2019 17:51:44 GMT" time="14.284" errors="0">
  <testcase name="addNewCustomer" time="14.284" classname="com.inetbanking.testCases.TC_AddCustomerTest_003"/>
</testsuite> <!-- com.inetbanking.testCases.TC_AddCustomerTest_003 -->
