<?xml version="1.0" encoding="UTF-8"?>
<!-- Generated by org.testng.reporters.JUnitReportReporter -->
<testsuite skipped="0" hostname="DESKTOP-BBA5BS9" name="com.inetbanking.testCases.TC_LoginTest_001" tests="1" failures="0" timestamp="16 Feb 2019 20:59:38 GMT" time="7.854" errors="0">
  <testcase name="loginTest" time="7.854" classname="com.inetbanking.testCases.TC_LoginTest_001"/>
</testsuite> <!-- com.inetbanking.testCases.TC_LoginTest_001 -->
